{
  "RSpec": {
    "coverage": {
      "/Users/aleksandrkunin/Documents/rails_projects/tracks_dev/app/controllers/countries_controller.rb": [
        1,
        1,
        null,
        1,
        null,
        1,
        1,
        null,
        null,
        1,
        null,
        null,
        1,
        1,
        null,
        null,
        1,
        null,
        null,
        1,
        5,
        null,
        5,
        3,
        null,
        2,
        null,
        null,
        null,
        1,
        5,
        3,
        null,
        2,
        null,
        null,
        null,
        1,
        2,
        2,
        null,
        null,
        1,
        null,
        1,
        9,
        null,
        null,
        1,
        15,
        null,
        null
      ],
      "/Users/aleksandrkunin/Documents/rails_projects/tracks_dev/app/controllers/application_controller.rb": [
        1,
        null,
        null,
        1,
        1,
        1,
        1,
        null,
        1,
        73,
        null,
        null,
        1,
        0,
        null,
        null,
        1,
        0,
        null,
        null,
        1,
        null,
        1,
        0,
        null,
        null,
        1,
        49,
        null,
        null,
        1,
        null,
        1,
        49,
        null,
        null,
        null,
        null
      ],
      "/Users/aleksandrkunin/Documents/rails_projects/tracks_dev/app/controllers/places_controller.rb": [
        1,
        1,
        null,
        1,
        null,
        1,
        1,
        null,
        1,
        0,
        null,
        null,
        1,
        2,
        1,
        null,
        null,
        null,
        1,
        null,
        null,
        1,
        null,
        null,
        1,
        1,
        null,
        null,
        1,
        5,
        5,
        3,
        null,
        2,
        null,
        null,
        null,
        1,
        5,
        3,
        null,
        2,
        null,
        null,
        null,
        1,
        2,
        2,
        null,
        null,
        1,
        null,
        1,
        7,
        null,
        null,
        1,
        15,
        null,
        null,
        null,
        null,
        null,
        null,
        null,
        null
      ],
      "/Users/aleksandrkunin/Documents/rails_projects/tracks_dev/app/controllers/virtual_comp_groups_controller.rb": [
        1,
        1,
        null,
        1,
        null,
        1,
        1,
        null,
        null,
        1,
        null,
        null,
        1,
        1,
        null,
        null,
        1,
        null,
        null,
        1,
        5,
        null,
        5,
        3,
        null,
        2,
        null,
        null,
        null,
        1,
        5,
        3,
        null,
        2,
        null,
        null,
        null,
        1,
        2,
        2,
        null,
        null,
        1,
        null,
        1,
        9,
        null,
        null,
        1,
        15,
        null,
        null
      ],
      "/Users/aleksandrkunin/Documents/rails_projects/tracks_dev/app/finders/events_finder.rb": [
        1,
        1,
        9,
        null,
        9,
        6,
        null,
        6,
        null,
        0,
        6,
        null,
        null,
        null,
        null,
        null,
        3,
        null,
        null,
        null,
        null,
        null,
        null,
        null,
        3,
        null,
        null,
        null,
        null,
        3,
        null,
        null,
        null
      ],
      "/Users/aleksandrkunin/Documents/rails_projects/tracks_dev/app/finders/online_events_finder.rb": [
        1,
        1,
        6,
        6,
        6,
        null,
        6,
        6,
        null,
        6,
        null,
        null,
        null,
        null,
        6,
        null,
        3,
        null,
        null,
        null,
        null,
        3,
        null,
        null,
        null
      ],
      "/Users/aleksandrkunin/Documents/rails_projects/tracks_dev/lib/competitions/skydive_comp_range_finder.rb": [
        null,
        null,
        null,
        null,
        null,
        null,
        null,
        null,
        1,
        null,
        1,
        1,
        1,
        5,
        5,
        5,
        null,
        null,
        1,
        5,
        null,
        null,
        1,
        null,
        1,
        5,
        null,
        1107,
        null,
        null,
        5,
        null,
        5,
        null,
        null,
        null,
        1,
        5,
        null,
        2292,
        null,
        null,
        5,
        null,
        5,
        null,
        null,
        null,
        1,
        10,
        null,
        null,
        null,
        1,
        5,
        null,
        null
      ],
      "/Users/aleksandrkunin/Documents/rails_projects/tracks_dev/lib/tracks/points_interpolation.rb": [
        1,
        1,
        1,
        16,
        16,
        16,
        null,
        16,
        null,
        null,
        1,
        16,
        16,
        null,
        16,
        16,
        16,
        null,
        16,
        16,
        null,
        16,
        16,
        null,
        16,
        null,
        null,
        1,
        null,
        1,
        null,
        16,
        16,
        16,
        null,
        16,
        null,
        null,
        null,
        1,
        16,
        null,
        null
      ],
      "/Users/aleksandrkunin/Documents/rails_projects/tracks_dev/lib/skyderby/tracks/track_point.rb": [
        1,
        1,
        1,
        1,
        null,
        null,
        null,
        null,
        null,
        null,
        null,
        null,
        null,
        null,
        null,
        null,
        null,
        null,
        null,
        1,
        26320,
        null,
        276305,
        null,
        26320,
        26320,
        null,
        null,
        1,
        77706,
        null,
        null,
        1,
        276285,
        276285,
        null,
        null,
        1,
        26336,
        26336,
        null,
        null,
        1,
        26336,
        26336,
        null,
        null,
        1,
        26336,
        26336,
        null,
        null,
        1,
        13154,
        13154,
        null,
        null,
        1,
        13153,
        13153,
        null,
        null,
        1,
        26309,
        26309,
        null,
        null,
        1,
        26318,
        26318,
        null,
        null,
        1,
        0,
        null,
        null,
        1,
        null,
        1,
        26320,
        26320,
        26320,
        26320,
        null,
        null,
        1,
        26307,
        null,
        null,
        1,
        78947,
        null,
        null,
        null,
        null
      ],
      "/Users/aleksandrkunin/Documents/rails_projects/tracks_dev/app/models/competitor.rb": [
        null,
        null,
        null,
        null,
        null,
        null,
        null,
        null,
        null,
        null,
        null,
        null,
        null,
        null,
        null,
        1,
        1,
        null,
        1,
        1,
        1,
        1,
        null,
        1,
        null,
        1,
        1,
        null,
        1,
        null,
        1,
        null,
        1,
        1,
        null,
        null,
        1,
        1,
        null,
        0,
        null,
        1,
        null,
        null,
        null
      ],
      "/Users/aleksandrkunin/Documents/rails_projects/tracks_dev/app/models/country.rb": [
        null,
        null,
        null,
        null,
        null,
        null,
        null,
        null,
        null,
        1,
        1,
        null,
        1,
        null
      ],
      "/Users/aleksandrkunin/Documents/rails_projects/tracks_dev/app/models/event_organizer.rb": [
        null,
        null,
        null,
        null,
        null,
        null,
        null,
        null,
        null,
        null,
        null,
        1,
        1,
        1,
        null,
        1,
        1,
        null
      ],
      "/Users/aleksandrkunin/Documents/rails_projects/tracks_dev/app/models/event_track.rb": [
        null,
        null,
        null,
        null,
        null,
        null,
        null,
        null,
        null,
        null,
        null,
        null,
        null,
        null,
        1,
        1,
        null,
        1,
        1,
        1,
        1,
        null,
        null,
        null,
        1,
        1,
        1,
        null,
        1,
        1,
        1,
        null,
        1,
        1,
        null,
        1,
        null,
        1,
        1,
        null,
        null,
        1,
        0,
        null,
        null,
        1,
        0,
        null,
        0,
        null,
        0,
        null,
        0,
        0,
        null,
        null,
        1,
        0,
        null,
        0,
        0,
        0,
        0,
        0,
        null,
        null,
        null,
        null,
        0,
        null,
        null,
        0,
        null,
        null,
        1,
        0,
        null,
        null,
        null,
        null,
        null,
        null,
        null,
        null,
        0,
        null,
        null
      ],
      "/Users/aleksandrkunin/Documents/rails_projects/tracks_dev/app/models/manufacturer.rb": [
        null,
        null,
        null,
        null,
        null,
        null,
        null,
        null,
        null,
        1,
        1,
        1,
        null
      ],
      "/Users/aleksandrkunin/Documents/rails_projects/tracks_dev/app/models/place.rb": [
        null,
        null,
        null,
        null,
        null,
        null,
        null,
        null,
        null,
        null,
        null,
        null,
        null,
        1,
        1,
        null,
        2,
        1,
        null,
        1,
        1,
        1,
        1,
        1,
        null,
        1,
        1,
        2,
        null,
        null,
        null,
        null,
        null,
        1,
        null,
        null,
        null,
        null,
        null,
        null,
        null,
        null,
        null,
        6,
        null,
        null,
        null
      ],
      "/Users/aleksandrkunin/Documents/rails_projects/tracks_dev/app/models/round.rb": [
        null,
        null,
        null,
        null,
        null,
        null,
        null,
        null,
        null,
        null,
        null,
        null,
        null,
        1,
        1,
        null,
        1,
        1,
        null,
        null,
        null,
        1,
        null,
        1,
        null,
        1,
        null,
        1,
        0,
        null,
        null,
        1,
        null,
        1,
        null,
        4,
        null,
        null,
        null,
        null,
        6,
        4,
        null,
        null
      ],
      "/Users/aleksandrkunin/Documents/rails_projects/tracks_dev/app/models/track_file.rb": [
        null,
        null,
        null,
        null,
        null,
        null,
        null,
        null,
        null,
        null,
        null,
        null,
        null,
        1,
        1,
        null,
        1,
        null,
        1,
        null,
        1,
        5,
        null,
        null,
        1,
        0,
        null,
        null,
        1,
        0,
        null,
        null,
        1,
        0,
        null,
        null,
        1,
        5,
        null,
        null
      ],
      "/Users/aleksandrkunin/Documents/rails_projects/tracks_dev/app/models/track_result.rb": [
        null,
        null,
        null,
        null,
        null,
        null,
        null,
        null,
        null,
        null,
        null,
        null,
        1,
        1,
        null,
        1,
        null
      ],
      "/Users/aleksandrkunin/Documents/rails_projects/tracks_dev/app/models/track_video.rb": [
        null,
        null,
        null,
        null,
        null,
        null,
        null,
        null,
        null,
        null,
        null,
        null,
        null,
        null,
        1,
        1,
        null,
        1,
        1,
        null,
        1,
        null,
        1,
        0,
        0,
        null,
        null,
        1,
        null,
        null,
        1,
        null,
        1,
        1,
        1,
        null,
        null
      ],
      "/Users/aleksandrkunin/Documents/rails_projects/tracks_dev/app/models/user_profile.rb": [
        null,
        null,
        null,
        null,
        null,
        null,
        null,
        null,
        null,
        null,
        null,
        null,
        null,
        null,
        null,
        null,
        null,
        null,
        null,
        null,
        null,
        null,
        null,
        null,
        1,
        1,
        1,
        null,
        1,
        null,
        1,
        1,
        0,
        null,
        1,
        1,
        null,
        1,
        null,
        null,
        null,
        null,
        null,
        1,
        null,
        null,
        null,
        1,
        9,
        null,
        null,
        1,
        1,
        0,
        null,
        null,
        null
      ],
      "/Users/aleksandrkunin/Documents/rails_projects/tracks_dev/app/models/virtual_comp_group.rb": [
        null,
        null,
        null,
        null,
        null,
        null,
        null,
        null,
        null,
        null,
        null,
        1,
        1,
        null,
        1,
        null
      ],
      "/Users/aleksandrkunin/Documents/rails_projects/tracks_dev/app/models/wingsuit.rb": [
        null,
        null,
        null,
        null,
        null,
        null,
        null,
        null,
        null,
        null,
        null,
        1,
        1,
        null,
        1,
        null,
        1,
        1,
        null,
        1,
        1,
        null,
        1,
        1,
        2,
        null,
        null,
        null,
        null,
        null,
        null
      ],
      "/Users/aleksandrkunin/Documents/rails_projects/tracks_dev/app/controllers/badges_controller.rb": [
        1,
        1,
        null,
        1,
        null,
        1,
        0,
        null,
        null,
        1,
        null,
        null,
        1,
        0,
        null,
        null,
        1,
        null,
        null,
        1,
        0,
        null,
        0,
        0,
        null,
        0,
        null,
        null,
        null,
        1,
        0,
        0,
        null,
        0,
        null,
        null,
        null,
        1,
        0,
        0,
        null,
        null,
        1,
        null,
        1,
        0,
        null,
        null,
        1,
        0,
        null,
        null
      ],
      "/Users/aleksandrkunin/Documents/rails_projects/tracks_dev/db/seeds.rb": [
        null,
        null,
        null,
        null,
        null,
        null,
        null,
        null,
        null,
        1,
        1,
        null,
        null,
        null,
        null,
        null,
        null,
        null,
        null,
        null,
        null,
        null,
        null,
        null,
        null,
        null,
        null,
        null,
        null,
        null,
        null,
        null,
        null,
        null,
        null,
        null,
        null,
        null,
        null,
        null,
        null,
        null,
        null,
        null,
        null,
        null,
        null,
        null,
        null,
        null,
        null,
        null,
        null,
        null,
        null,
        null,
        null,
        null,
        null,
        null,
        null,
        null,
        null,
        null,
        null,
        null,
        null,
        null,
        null,
        null,
        null,
        null,
        null,
        null,
        null,
        null,
        null,
        null,
        null,
        null,
        null,
        null,
        null,
        null,
        null,
        null,
        null,
        null,
        null,
        null,
        null,
        null,
        null,
        null,
        null,
        null,
        null,
        null,
        null,
        null,
        null,
        null,
        null,
        null,
        null,
        null,
        null,
        null,
        null,
        null,
        null,
        null,
        null,
        null,
        null,
        null,
        null,
        null,
        null,
        null,
        null,
        null,
        null,
        null,
        null,
        null,
        null,
        null,
        null,
        null,
        null,
        null,
        null,
        null,
        null,
        null,
        null,
        null,
        null,
        null,
        null,
        null,
        null,
        null,
        null,
        null,
        null,
        null,
        null,
        null,
        null,
        null,
        null,
        null,
        null,
        null,
        null,
        null,
        null,
        null,
        null,
        null,
        null,
        null,
        null,
        null,
        null,
        null,
        null,
        null,
        null,
        null,
        null,
        null,
        null,
        null,
        null,
        null,
        null,
        null,
        null,
        null,
        null,
        null,
        null,
        null,
        null,
        null,
        null,
        null,
        null,
        null,
        null,
        null,
        null,
        null,
        null,
        null,
        null,
        null,
        null
      ],
      "/Users/aleksandrkunin/Documents/rails_projects/tracks_dev/app/models/role.rb": [
        null,
        null,
        null,
        null,
        null,
        null,
        null,
        null,
        1,
        1,
        1,
        null
      ],
      "/Users/aleksandrkunin/Documents/rails_projects/tracks_dev/app/models/assignment.rb": [
        null,
        null,
        null,
        null,
        null,
        null,
        null,
        null,
        null,
        1,
        1,
        1,
        null
      ],
      "/Users/aleksandrkunin/Documents/rails_projects/tracks_dev/app/models/ability.rb": [
        1,
        1,
        null,
        1,
        null,
        61,
        null,
        61,
        61,
        61,
        null,
        61,
        61,
        61,
        61,
        61,
        null,
        61,
        61,
        null,
        61,
        61,
        null,
        61,
        3,
        1,
        null,
        0,
        null,
        1,
        null,
        1,
        null,
        null,
        null,
        61,
        61,
        null,
        61,
        null,
        61,
        61,
        null,
        61,
        null,
        0,
        0,
        0,
        0,
        0,
        0,
        null,
        0,
        null,
        null,
        null,
        null,
        61,
        48,
        null,
        null,
        null,
        null
      ],
      "/Users/aleksandrkunin/Documents/rails_projects/tracks_dev/app/models/section.rb": [
        null,
        null,
        null,
        null,
        null,
        null,
        null,
        null,
        null,
        null,
        1,
        1,
        1,
        null,
        1,
        1,
        null,
        1,
        null,
        1,
        null,
        1,
        null,
        null,
        0,
        0,
        null,
        0,
        null,
        null
      ],
      "/Users/aleksandrkunin/Documents/rails_projects/tracks_dev/app/models/badge.rb": [
        null,
        null,
        null,
        null,
        null,
        null,
        null,
        null,
        null,
        null,
        null,
        null,
        1,
        1,
        null,
        1,
        null
      ],
      "/Users/aleksandrkunin/Documents/rails_projects/tracks_dev/app/models/point.rb": [
        null,
        null,
        null,
        null,
        null,
        null,
        null,
        null,
        null,
        null,
        null,
        null,
        null,
        null,
        null,
        null,
        null,
        null,
        null,
        null,
        1,
        1,
        null,
        1,
        null,
        null,
        13155,
        0,
        null
      ],
      "/Users/aleksandrkunin/Documents/rails_projects/tracks_dev/lib/skyderby/results_processor.rb": [
        1,
        1,
        null,
        1,
        null,
        null,
        null,
        null,
        null,
        null,
        null,
        null,
        null,
        null,
        null,
        null,
        1,
        4,
        4,
        4,
        null,
        null,
        1,
        4,
        null,
        null,
        null
      ],
      "/Users/aleksandrkunin/Documents/rails_projects/tracks_dev/lib/skyderby/results_processors/distance.rb": [
        null,
        null,
        null,
        null,
        null,
        1,
        1,
        1,
        1,
        2,
        null,
        null,
        null,
        null,
        2,
        null,
        null,
        null,
        null
      ],
      "/Users/aleksandrkunin/Documents/rails_projects/tracks_dev/lib/skyderby/results_processors/skydive_processor.rb": [
        1,
        null,
        1,
        1,
        1,
        1,
        4,
        null,
        4,
        4,
        4,
        null,
        4,
        null,
        null,
        null,
        null,
        null,
        4,
        4,
        null,
        null,
        1,
        0,
        null,
        null,
        1,
        null,
        1,
        4,
        4,
        4,
        null,
        null,
        null,
        null
      ],
      "/Users/aleksandrkunin/Documents/rails_projects/tracks_dev/lib/skyderby/results_processors/speed.rb": [
        null,
        null,
        null,
        null,
        null,
        null,
        1,
        1,
        1,
        1,
        1,
        null,
        1,
        1,
        null,
        null,
        null,
        null,
        1,
        null,
        null,
        null,
        null
      ],
      "/Users/aleksandrkunin/Documents/rails_projects/tracks_dev/lib/skyderby/results_processors/time.rb": [
        null,
        null,
        null,
        null,
        null,
        1,
        1,
        1,
        1,
        1,
        null,
        1,
        null,
        null,
        null,
        null
      ],
      "/Users/aleksandrkunin/Documents/rails_projects/tracks_dev/lib/skyderby/results_processors/distance_in_time.rb": [
        1,
        1,
        1,
        null,
        null,
        null
      ],
      "/Users/aleksandrkunin/Documents/rails_projects/tracks_dev/lib/skyderby/results_processors/time_until_intersection.rb": [
        1,
        1,
        1,
        null,
        null,
        null
      ],
      "/Users/aleksandrkunin/Documents/rails_projects/tracks_dev/app/services/create_track_service.rb": [
        1,
        null,
        1,
        null,
        null,
        null,
        1,
        1,
        null,
        1,
        5,
        5,
        5,
        null,
        null,
        1,
        null,
        5,
        5,
        5,
        null,
        null,
        5,
        5,
        5,
        null,
        5,
        5,
        5,
        null,
        null,
        null,
        5,
        5,
        5,
        null,
        null,
        null,
        5,
        5,
        null,
        5,
        null,
        5,
        5,
        null,
        null,
        1,
        5,
        null,
        null,
        1,
        5,
        null,
        null,
        1,
        5,
        null,
        null,
        5,
        null,
        null,
        1,
        5,
        null,
        5,
        null,
        null,
        null,
        null,
        null,
        null,
        null,
        null,
        null,
        null,
        null,
        null,
        13155,
        null,
        null,
        5,
        null,
        null,
        1,
        26310,
        null,
        null,
        1,
        null,
        null,
        null,
        null,
        null,
        null,
        null,
        null,
        null,
        null,
        5,
        null,
        null
      ],
      "/Users/aleksandrkunin/Documents/rails_projects/tracks_dev/lib/tracks/jump_range_finder.rb": [
        1,
        1,
        null,
        5,
        null,
        5,
        null,
        null,
        null,
        9440,
        null,
        5,
        4204,
        4204,
        null,
        null,
        null,
        null,
        5,
        null,
        12139,
        null,
        null,
        5,
        null,
        null
      ],
      "/Users/aleksandrkunin/Documents/rails_projects/tracks_dev/lib/skyderby/tracks/file_processor.rb": [
        1,
        1,
        1,
        1,
        5,
        5,
        null,
        5,
        5,
        null,
        null,
        null,
        1,
        0,
        null,
        null,
        1,
        5,
        null,
        null,
        null,
        null
      ],
      "/Users/aleksandrkunin/Documents/rails_projects/tracks_dev/lib/skyderby/parsers/parser_selector.rb": [
        1,
        null,
        1,
        1,
        1,
        1,
        null,
        null,
        null,
        null,
        null,
        1,
        5,
        null,
        null,
        5,
        null,
        5,
        null,
        0,
        null,
        0,
        null,
        null,
        null,
        0,
        null,
        0,
        null,
        null,
        null,
        1,
        5,
        null,
        5,
        20,
        5,
        null,
        5,
        null,
        null,
        null,
        null
      ],
      "/Users/aleksandrkunin/Documents/rails_projects/tracks_dev/lib/skyderby/parsers/fly_sight_parser.rb": [
        null,
        null,
        null,
        null,
        null,
        null,
        null,
        null,
        null,
        null,
        null,
        null,
        null,
        null,
        null,
        null,
        null,
        null,
        null,
        null,
        null,
        null,
        null,
        null,
        null,
        null,
        null,
        null,
        null,
        null,
        null,
        1,
        1,
        1,
        1,
        null,
        1,
        5,
        null,
        null,
        1,
        13175,
        null,
        13155,
        null,
        null,
        1,
        null,
        1,
        13175,
        null,
        null,
        null,
        null
      ],
      "/Users/aleksandrkunin/Documents/rails_projects/tracks_dev/lib/skyderby/parsers/csv_parser.rb": [
        1,
        null,
        1,
        1,
        1,
        1,
        5,
        5,
        13175,
        null,
        5,
        null,
        null,
        1,
        null,
        1,
        0,
        null,
        null,
        1,
        13155,
        null,
        null,
        null,
        null,
        null,
        null,
        null,
        null,
        null,
        1,
        null,
        1,
        13155,
        null,
        null,
        1,
        13155,
        null,
        null,
        1,
        13155,
        null,
        null,
        null,
        null
      ],
      "/Users/aleksandrkunin/Documents/rails_projects/tracks_dev/lib/skyderby/parsers/track_parser.rb": [
        1,
        1,
        1,
        1,
        null,
        1,
        5,
        5,
        null,
        null,
        1,
        0,
        null,
        null,
        null,
        null
      ],
      "/Users/aleksandrkunin/Documents/rails_projects/tracks_dev/lib/skyderby/velocity.rb": [
        1,
        1,
        1,
        null,
        null,
        null,
        null,
        1,
        52621,
        null,
        null,
        null,
        null
      ],
      "/Users/aleksandrkunin/Documents/rails_projects/tracks_dev/lib/skyderby/parsers/file_data.rb": [
        1,
        1,
        null,
        1,
        null,
        null
      ],
      "/Users/aleksandrkunin/Documents/rails_projects/tracks_dev/app/services/points_service.rb": [
        1,
        1,
        5,
        null,
        null,
        1,
        5,
        5,
        null,
        5,
        null,
        null,
        1,
        null,
        null,
        null,
        1,
        5,
        null,
        null,
        null,
        null,
        null,
        null,
        1,
        5,
        13150,
        13150,
        null,
        13150,
        null,
        null,
        null,
        null,
        null,
        13150,
        null,
        null,
        13150,
        null,
        null,
        null,
        1,
        0,
        0,
        null,
        0,
        null,
        null,
        1,
        10,
        10,
        null,
        10,
        10,
        null,
        null,
        null
      ],
      "/Users/aleksandrkunin/Documents/rails_projects/tracks_dev/lib/skyderby/geospatial.rb": [
        1,
        1,
        1,
        null,
        null,
        null,
        1,
        13153,
        null,
        null,
        null,
        null,
        null,
        null,
        null,
        null,
        null,
        null,
        1,
        13153,
        13153,
        13153,
        null,
        13153,
        13153,
        null,
        39459,
        39459,
        null,
        13153,
        13153,
        null,
        13153,
        null,
        null,
        null,
        null
      ],
      "/Users/aleksandrkunin/Documents/rails_projects/tracks_dev/lib/skyderby/tracks/jump_range.rb": [
        1,
        1,
        1,
        1,
        null,
        1,
        10,
        10,
        null,
        null,
        1,
        5,
        null,
        null,
        1,
        5,
        null,
        null,
        null,
        null
      ],
      "/Users/aleksandrkunin/Documents/rails_projects/tracks_dev/app/models/tracksegment.rb": [
        null,
        null,
        null,
        null,
        null,
        null,
        null,
        null,
        null,
        null,
        1,
        1,
        1,
        null,
        1,
        null,
        1,
        null,
        1,
        0,
        null,
        null
      ],
      "/Users/aleksandrkunin/Documents/rails_projects/tracks_dev/lib/skyderby/tracks/points.rb": [
        1,
        1,
        null,
        1,
        1,
        1,
        1,
        null,
        1,
        5,
        null,
        5,
        5,
        5,
        5,
        null,
        5,
        null,
        null,
        1,
        0,
        null,
        0,
        0,
        0,
        0,
        null,
        null,
        null,
        null,
        null,
        null,
        1,
        5,
        5,
        null,
        5,
        5,
        null,
        5,
        5,
        null,
        5,
        null,
        5,
        4198,
        null,
        5,
        1049,
        null,
        null,
        5,
        null,
        null,
        1,
        0,
        null,
        null,
        1,
        0,
        null,
        null,
        1,
        null,
        1,
        5,
        5,
        null,
        5,
        null,
        5,
        0,
        null,
        null,
        null,
        null,
        0,
        null,
        null,
        5,
        null,
        null,
        1,
        5,
        null,
        null,
        5,
        5,
        null,
        5,
        null,
        0,
        null,
        13160,
        null,
        null,
        5,
        13155,
        null,
        13150,
        13150,
        null,
        13150,
        13150,
        13150,
        null,
        null,
        null,
        null,
        null,
        null,
        null,
        null,
        null,
        null,
        null,
        13150,
        13150,
        null,
        13150,
        null,
        null,
        13155,
        null,
        null,
        null,
        1,
        0,
        0,
        0,
        null,
        0,
        0,
        0,
        null,
        0,
        null,
        0,
        0,
        null,
        0,
        null,
        null,
        null,
        1,
        5,
        13150,
        13150,
        null,
        null,
        null,
        null,
        null
      ],
      "/Users/aleksandrkunin/Documents/rails_projects/tracks_dev/lib/median_filter.rb": [
        1,
        1,
        1,
        0,
        0,
        null,
        0,
        0,
        null,
        null,
        1,
        0,
        0,
        null,
        0,
        0,
        0,
        null,
        0,
        null,
        null,
        null,
        1,
        null,
        1,
        0,
        null,
        null,
        1,
        0,
        0,
        null,
        null,
        null,
        1,
        0,
        0,
        null,
        null
      ],
      "/Users/aleksandrkunin/Documents/rails_projects/tracks_dev/lib/moving_average.rb": [
        1,
        1,
        1,
        0,
        null,
        0,
        0,
        null,
        null,
        1,
        0,
        0,
        null,
        0,
        0,
        0,
        null,
        0,
        null,
        null,
        null,
        1,
        null,
        1,
        0,
        0,
        null,
        null,
        null,
        1,
        0,
        0,
        null,
        null
      ],
      "/Users/aleksandrkunin/Documents/rails_projects/tracks_dev/app/controllers/static_pages_controller.rb": [
        null,
        1,
        1,
        1,
        1,
        null,
        null,
        null,
        null,
        null,
        null,
        0,
        null,
        null,
        null,
        1,
        0,
        null,
        null,
        1,
        null,
        null,
        1,
        null,
        null,
        1,
        0,
        null,
        null
      ],
      "/Users/aleksandrkunin/Documents/rails_projects/tracks_dev/app/workers/results_worker.rb": [
        1,
        null,
        1,
        1,
        null,
        1,
        0,
        0,
        null,
        0,
        0,
        null,
        0,
        null,
        0,
        0,
        null,
        0,
        0,
        0,
        0,
        null,
        0,
        0,
        null,
        null,
        null,
        null,
        0,
        null,
        null,
        0,
        null,
        null,
        null,
        0,
        null,
        null,
        0,
        0,
        null,
        null,
        null,
        0,
        null,
        0,
        null,
        null,
        null,
        0,
        null,
        0,
        null,
        null,
        null,
        0,
        null,
        null,
        null,
        1,
        0,
        null,
        null,
        null,
        null,
        null,
        null,
        null,
        1,
        0,
        null,
        0,
        0,
        null,
        0,
        null,
        null,
        null,
        0,
        0,
        null,
        null,
        1,
        0,
        null,
        0,
        0,
        0,
        null,
        null,
        0,
        0,
        null,
        null
      ],
      "/Users/aleksandrkunin/Documents/rails_projects/tracks_dev/lib/tracks/results/result.rb": [
        null,
        null,
        null,
        null,
        null,
        null,
        1,
        null,
        1,
        0,
        null,
        null
      ],
      "/Users/aleksandrkunin/Documents/rails_projects/tracks_dev/app/workers/virtual_comp_worker.rb": [
        1,
        1,
        null,
        1,
        0,
        0,
        null,
        0,
        0,
        0,
        null,
        0,
        null,
        0,
        0,
        0,
        0,
        0,
        null,
        0,
        0,
        0,
        0,
        0,
        null,
        0,
        null,
        null,
        null,
        0,
        null,
        null,
        null,
        null,
        null,
        null,
        null,
        0,
        null,
        null,
        null,
        1,
        null,
        0,
        0,
        0,
        null,
        null,
        0,
        0,
        0,
        0,
        0,
        null,
        0,
        0,
        0,
        0,
        null,
        0,
        0,
        null,
        0,
        null,
        0,
        0,
        0,
        null,
        null,
        null,
        null,
        null,
        null,
        0,
        null,
        null,
        null,
        0,
        0,
        null,
        0,
        null,
        0,
        0,
        null,
        null,
        0,
        0,
        0,
        null,
        0,
        0,
        null,
        0,
        0,
        null,
        0,
        0,
        null,
        null,
        null,
        null,
        0,
        null,
        null,
        0,
        0,
        null,
        null,
        null,
        null,
        null,
        null,
        0,
        null,
        null
      ]
    },
    "timestamp": 1435607119
  }
}
